[INFO] Scanning for projects...
[INFO] 
[INFO] ----------------------< com.mycompany.app:my-app >----------------------
[INFO] Building my-app 1.0-SNAPSHOT
[INFO]   from pom.xml
[INFO] --------------------------------[ jar ]---------------------------------
[INFO] 
[INFO] --- resources:3.3.1:resources (default-resources) @ my-app ---
[INFO] skip non existing resourceDirectory /home/brad/Desktop/Projects/fis/src/main/resources
[INFO] 
[INFO] --- compiler:3.13.0:compile (default-compile) @ my-app ---
[INFO] Nothing to compile - all classes are up to date.
[INFO] 
[INFO] --- resources:3.3.1:testResources (default-testResources) @ my-app ---
[INFO] skip non existing resourceDirectory /home/brad/Desktop/Projects/fis/src/test/resources
[INFO] 
[INFO] --- compiler:3.13.0:testCompile (default-testCompile) @ my-app ---
[INFO] Recompiling the module because of changed source code.
[INFO] Compiling 2 source files with javac [debug release 13] to target/test-classes
[INFO] -------------------------------------------------------------
[ERROR] COMPILATION ERROR : 
[INFO] -------------------------------------------------------------
[ERROR] /home/brad/Desktop/Projects/fis/src/test/java/com/mycompany/app/TestMasina.java:[25,32] cannot find symbol
  symbol:   variable r
  location: class com.mycompany.app.TestMasina
[ERROR] /home/brad/Desktop/Projects/fis/src/test/java/com/mycompany/app/TestMasina.java:[34,28] cannot find symbol
  symbol:   variable m
  location: class com.mycompany.app.TestMasina
[INFO] 2 errors 
[INFO] -------------------------------------------------------------
[INFO] ------------------------------------------------------------------------
[INFO] BUILD FAILURE
[INFO] ------------------------------------------------------------------------
[INFO] Total time:  1.665 s
[INFO] Finished at: 2025-06-05T09:48:38+03:00
[INFO] ------------------------------------------------------------------------
[ERROR] Failed to execute goal org.apache.maven.plugins:maven-compiler-plugin:3.13.0:testCompile (default-testCompile) on project my-app: Compilation failure: Compilation failure: 
[ERROR] /home/brad/Desktop/Projects/fis/src/test/java/com/mycompany/app/TestMasina.java:[25,32] cannot find symbol
[ERROR]   symbol:   variable r
[ERROR]   location: class com.mycompany.app.TestMasina
[ERROR] /home/brad/Desktop/Projects/fis/src/test/java/com/mycompany/app/TestMasina.java:[34,28] cannot find symbol
[ERROR]   symbol:   variable m
[ERROR]   location: class com.mycompany.app.TestMasina
[ERROR] -> [Help 1]
[ERROR] 
[ERROR] To see the full stack trace of the errors, re-run Maven with the -e switch.
[ERROR] Re-run Maven using the -X switch to enable full debug logging.
[ERROR] 
[ERROR] For more information about the errors and possible solutions, please read the following articles:
[ERROR] [Help 1] http://cwiki.apache.org/confluence/display/MAVEN/MojoFailureException
